
Init Sparse Matrix a
Enter the number of rows and columns : 
Enter a term (row, col, value)
Enter a term (row, col, value)
Enter a term (row, col, value)
Enter a term (row, col, value)
Enter a term (row, col, value)
Enter a term (row, col, value)
Enter a term (row, col, value)
Enter a term (row, col, value)
Content of smArray of a :
[0] 1 1 7
[1] 1 3 3
[2] 2 1 2
[3] 2 2 6
[4] 3 3 5
[5] 4 1 1
[6] 4 4 4
=========

Init Sparse Matrix b
Enter the number of rows and columns : 
Enter a term (row, col, value)
Enter a term (row, col, value)
Enter a term (row, col, value)
Enter a term (row, col, value)
Enter a term (row, col, value)
Enter a term (row, col, value)
Enter a term (row, col, value)
Enter a term (row, col, value)
Content of smArray of b :
[0] 1 2 7
[1] 1 3 1
[2] 2 1 3
[3] 2 4 4
[4] 3 3 2
[5] 3 4 6
[6] 4 1 5
=========
c = a + b
Content of smArray of c :
[0] 1 1 7
[1] 1 2 7
[2] 1 3 4
[3] 2 1 5
[4] 2 2 6
[5] 2 4 4
[6] 3 3 7
[7] 3 4 6
[8] 4 1 6
[9] 4 4 4
=========

Continue (y/n) 

Init Sparse Matrix a
Enter the number of rows and columns : 
Enter a term (row, col, value)
Enter a term (row, col, value)
Enter a term (row, col, value)
Enter a term (row, col, value)
Enter a term (row, col, value)
Content of smArray of a :
[0] 1 1 -1
[1] 2 2 3
[2] 3 3 2
[3] 4 4 -2
=========

Init Sparse Matrix b
Enter the number of rows and columns : 
Enter a term (row, col, value)
Enter a term (row, col, value)
Enter a term (row, col, value)
Enter a term (row, col, value)
Enter a term (row, col, value)
Enter a term (row, col, value)
Enter a term (row, col, value)
Content of smArray of b :
[0] 1 1 1
[1] 1 2 2
[2] 2 2 3
[3] 2 4 4
[4] 3 3 5
[5] 4 4 2
=========
c = a + b
Content of smArray of c :
[0] 1 2 2
[1] 2 2 6
[2] 2 4 4
[3] 3 3 7
=========

Continue (y/n) 
