Heap : - 6  9  14  19  17  16  15  4  11  8  10  7  18  1  2  3  13  12  20  5  
Heap : - 20  19  18  13  17  16  15  6  12  8  10  7  14  1  2  3  4  9  11  5  
Heap : - 19  17  18  13  10  16  15  6  12  8  5  7  14  1  2  3  4  9  11  20  
Heap : - 18  17  16  13  10  14  15  6  12  8  5  7  11  1  2  3  4  9  19  20  
Heap : - 17  13  16  12  10  14  15  6  9  8  5  7  11  1  2  3  4  18  19  20  
Heap : - 16  13  15  12  10  14  4  6  9  8  5  7  11  1  2  3  17  18  19  20  
Heap : - 15  13  14  12  10  11  4  6  9  8  5  7  3  1  2  16  17  18  19  20  
Heap : - 14  13  11  12  10  7  4  6  9  8  5  2  3  1  15  16  17  18  19  20  
Heap : - 13  12  11  9  10  7  4  6  1  8  5  2  3  14  15  16  17  18  19  20  
Heap : - 12  10  11  9  8  7  4  6  1  3  5  2  13  14  15  16  17  18  19  20  
Heap : - 11  10  7  9  8  2  4  6  1  3  5  12  13  14  15  16  17  18  19  20  
Heap : - 10  9  7  6  8  2  4  5  1  3  11  12  13  14  15  16  17  18  19  20  
Heap : - 9  8  7  6  3  2  4  5  1  10  11  12  13  14  15  16  17  18  19  20  
Heap : - 8  6  7  5  3  2  4  1  9  10  11  12  13  14  15  16  17  18  19  20  
Heap : - 7  6  4  5  3  2  1  8  9  10  11  12  13  14  15  16  17  18  19  20  
Heap : - 6  5  4  1  3  2  7  8  9  10  11  12  13  14  15  16  17  18  19  20  
Heap : - 5  3  4  1  2  6  7  8  9  10  11  12  13  14  15  16  17  18  19  20  
Heap : - 4  3  2  1  5  6  7  8  9  10  11  12  13  14  15  16  17  18  19  20  
Heap : - 3  1  2  4  5  6  7  8  9  10  11  12  13  14  15  16  17  18  19  20  
Heap : - 2  1  3  4  5  6  7  8  9  10  11  12  13  14  15  16  17  18  19  20  
Heap : - 1  2  3  4  5  6  7  8  9  10  11  12  13  14  15  16  17  18  19  20  
Heap : - 1  2  3  4  5  6  7  8  9  10  11  12  13  14  15  16  17  18  19  20  
Heap : - 4  9  15  8  12  10  19  18  33  21  3  4  5  5  13  9  23  17  16  15  
Heap : - 33  23  19  18  21  10  15  9  17  15  3  4  5  5  13  4  9  8  16  12  
Heap : - 23  21  19  18  15  10  15  9  17  12  3  4  5  5  13  4  9  8  16  33  
Heap : - 21  18  19  17  15  10  15  9  16  12  3  4  5  5  13  4  9  8  23  33  
Heap : - 19  18  15  17  15  10  13  9  16  12  3  4  5  5  8  4  9  21  23  33  
Heap : - 18  17  15  16  15  10  13  9  9  12  3  4  5  5  8  4  19  21  23  33  
Heap : - 17  16  15  9  15  10  13  4  9  12  3  4  5  5  8  18  19  21  23  33  
Heap : - 16  15  15  9  12  10  13  4  9  8  3  4  5  5  17  18  19  21  23  33  
Heap : - 15  12  15  9  8  10  13  4  9  5  3  4  5  16  17  18  19  21  23  33  
Heap : - 15  12  13  9  8  10  5  4  9  5  3  4  15  16  17  18  19  21  23  33  
Heap : - 13  12  10  9  8  4  5  4  9  5  3  15  15  16  17  18  19  21  23  33  
Heap : - 12  9  10  9  8  4  5  4  3  5  13  15  15  16  17  18  19  21  23  33  
Heap : - 10  9  5  9  8  4  5  4  3  12  13  15  15  16  17  18  19  21  23  33  
Heap : - 9  9  5  4  8  4  5  3  10  12  13  15  15  16  17  18  19  21  23  33  
Heap : - 9  8  5  4  3  4  5  9  10  12  13  15  15  16  17  18  19  21  23  33  
Heap : - 8  5  5  4  3  4  9  9  10  12  13  15  15  16  17  18  19  21  23  33  
Heap : - 5  4  5  4  3  8  9  9  10  12  13  15  15  16  17  18  19  21  23  33  
Heap : - 5  4  3  4  5  8  9  9  10  12  13  15  15  16  17  18  19  21  23  33  
Heap : - 4  4  3  5  5  8  9  9  10  12  13  15  15  16  17  18  19  21  23  33  
Heap : - 4  3  4  5  5  8  9  9  10  12  13  15  15  16  17  18  19  21  23  33  
Heap : - 3  4  4  5  5  8  9  9  10  12  13  15  15  16  17  18  19  21  23  33  
Heap : - 3  4  4  5  5  8  9  9  10  12  13  15  15  16  17  18  19  21  23  33  
Heap : - 29  47  63  77  49  32  48  29  40  20  19  38  47  32  31  58  62  41  2  5  7  3  1  91  32  35  
Heap : - 91  77  63  62  49  47  48  58  41  20  19  38  35  32  31  47  29  40  2  5  7  3  1  32  32  29  
Heap : - 77  62  63  58  49  47  48  47  41  20  19  38  35  32  31  29  29  40  2  5  7  3  1  32  32  91  
Heap : - 63  62  48  58  49  47  32  47  41  20  19  38  35  32  31  29  29  40  2  5  7  3  1  32  77  91  
Heap : - 62  58  48  47  49  47  32  32  41  20  19  38  35  32  31  29  29  40  2  5  7  3  1  63  77  91  
Heap : - 58  49  48  47  20  47  32  32  41  7  19  38  35  32  31  29  29  40  2  5  1  3  62  63  77  91  
Heap : - 49  47  48  41  20  47  32  32  40  7  19  38  35  32  31  29  29  3  2  5  1  58  62  63  77  91  
Heap : - 48  47  47  41  20  38  32  32  40  7  19  1  35  32  31  29  29  3  2  5  49  58  62  63  77  91  
Heap : - 47  41  47  40  20  38  32  32  5  7  19  1  35  32  31  29  29  3  2  48  49  58  62  63  77  91  
Heap : - 47  41  38  40  20  35  32  32  5  7  19  1  2  32  31  29  29  3  47  48  49  58  62  63  77  91  
Heap : - 41  40  38  32  20  35  32  29  5  7  19  1  2  32  31  3  29  47  47  48  49  58  62  63  77  91  
Heap : - 40  32  38  29  20  35  32  29  5  7  19  1  2  32  31  3  41  47  47  48  49  58  62  63  77  91  
Heap : - 38  32  35  29  20  3  32  29  5  7  19  1  2  32  31  40  41  47  47  48  49  58  62  63  77  91  
Heap : - 35  32  32  29  20  3  32  29  5  7  19  1  2  31  38  40  41  47  47  48  49  58  62  63  77  91  
Heap : - 32  31  32  29  20  3  32  29  5  7  19  1  2  35  38  40  41  47  47  48  49  58  62  63  77  91  
Heap : - 32  31  32  29  20  3  2  29  5  7  19  1  32  35  38  40  41  47  47  48  49  58  62  63  77  91  
Heap : - 32  31  3  29  20  1  2  29  5  7  19  32  32  35  38  40  41  47  47  48  49  58  62  63  77  91  
Heap : - 31  29  3  29  20  1  2  19  5  7  32  32  32  35  38  40  41  47  47  48  49  58  62  63  77  91  
Heap : - 29  29  3  19  20  1  2  7  5  31  32  32  32  35  38  40  41  47  47  48  49  58  62  63  77  91  
Heap : - 29  20  3  19  5  1  2  7  29  31  32  32  32  35  38  40  41  47  47  48  49  58  62  63  77  91  
Heap : - 20  19  3  7  5  1  2  29  29  31  32  32  32  35  38  40  41  47  47  48  49  58  62  63  77  91  
Heap : - 19  7  3  2  5  1  20  29  29  31  32  32  32  35  38  40  41  47  47  48  49  58  62  63  77  91  
Heap : - 7  5  3  2  1  19  20  29  29  31  32  32  32  35  38  40  41  47  47  48  49  58  62  63  77  91  
Heap : - 5  2  3  1  7  19  20  29  29  31  32  32  32  35  38  40  41  47  47  48  49  58  62  63  77  91  
Heap : - 3  2  1  5  7  19  20  29  29  31  32  32  32  35  38  40  41  47  47  48  49  58  62  63  77  91  
Heap : - 2  1  3  5  7  19  20  29  29  31  32  32  32  35  38  40  41  47  47  48  49  58  62  63  77  91  
Heap : - 1  2  3  5  7  19  20  29  29  31  32  32  32  35  38  40  41  47  47  48  49  58  62  63  77  91  
Heap : - 1  2  3  5  7  19  20  29  29  31  32  32  32  35  38  40  41  47  47  48  49  58  62  63  77  91  
Heap : - 1  2  3  4  5  6  7  8  9  10  11  12  13  14  15  16  17  18  19  20  21  22  23  24  25  26  27  
Heap : - 27  23  26  19  22  25  15  17  18  21  11  24  13  14  7  16  8  4  9  20  10  5  2  1  12  6  3  
Heap : - 26  23  25  19  22  24  15  17  18  21  11  12  13  14  7  16  8  4  9  20  10  5  2  1  3  6  27  
Heap : - 25  23  24  19  22  13  15  17  18  21  11  12  6  14  7  16  8  4  9  20  10  5  2  1  3  26  27  
Heap : - 24  23  15  19  22  13  14  17  18  21  11  12  6  3  7  16  8  4  9  20  10  5  2  1  25  26  27  
Heap : - 23  22  15  19  21  13  14  17  18  20  11  12  6  3  7  16  8  4  9  1  10  5  2  24  25  26  27  
Heap : - 22  21  15  19  20  13  14  17  18  10  11  12  6  3  7  16  8  4  9  1  2  5  23  24  25  26  27  
Heap : - 21  20  15  19  11  13  14  17  18  10  5  12  6  3  7  16  8  4  9  1  2  22  23  24  25  26  27  
Heap : - 20  19  15  18  11  13  14  17  9  10  5  12  6  3  7  16  8  4  2  1  21  22  23  24  25  26  27  
Heap : - 19  18  15  17  11  13  14  16  9  10  5  12  6  3  7  1  8  4  2  20  21  22  23  24  25  26  27  
Heap : - 18  17  15  16  11  13  14  8  9  10  5  12  6  3  7  1  2  4  19  20  21  22  23  24  25  26  27  
Heap : - 17  16  15  9  11  13  14  8  4  10  5  12  6  3  7  1  2  18  19  20  21  22  23  24  25  26  27  
Heap : - 16  11  15  9  10  13  14  8  4  2  5  12  6  3  7  1  17  18  19  20  21  22  23  24  25  26  27  
Heap : - 15  11  14  9  10  13  7  8  4  2  5  12  6  3  1  16  17  18  19  20  21  22  23  24  25  26  27  
Heap : - 14  11  13  9  10  12  7  8  4  2  5  1  6  3  15  16  17  18  19  20  21  22  23  24  25  26  27  
Heap : - 13  11  12  9  10  6  7  8  4  2  5  1  3  14  15  16  17  18  19  20  21  22  23  24  25  26  27  
Heap : - 12  11  7  9  10  6  3  8  4  2  5  1  13  14  15  16  17  18  19  20  21  22  23  24  25  26  27  
Heap : - 11  10  7  9  5  6  3  8  4  2  1  12  13  14  15  16  17  18  19  20  21  22  23  24  25  26  27  
Heap : - 10  9  7  8  5  6  3  1  4  2  11  12  13  14  15  16  17  18  19  20  21  22  23  24  25  26  27  
Heap : - 9  8  7  4  5  6  3  1  2  10  11  12  13  14  15  16  17  18  19  20  21  22  23  24  25  26  27  
Heap : - 8  5  7  4  2  6  3  1  9  10  11  12  13  14  15  16  17  18  19  20  21  22  23  24  25  26  27  
Heap : - 7  5  6  4  2  1  3  8  9  10  11  12  13  14  15  16  17  18  19  20  21  22  23  24  25  26  27  
Heap : - 6  5  3  4  2  1  7  8  9  10  11  12  13  14  15  16  17  18  19  20  21  22  23  24  25  26  27  
Heap : - 5  4  3  1  2  6  7  8  9  10  11  12  13  14  15  16  17  18  19  20  21  22  23  24  25  26  27  
Heap : - 4  2  3  1  5  6  7  8  9  10  11  12  13  14  15  16  17  18  19  20  21  22  23  24  25  26  27  
Heap : - 3  2  1  4  5  6  7  8  9  10  11  12  13  14  15  16  17  18  19  20  21  22  23  24  25  26  27  
Heap : - 2  1  3  4  5  6  7  8  9  10  11  12  13  14  15  16  17  18  19  20  21  22  23  24  25  26  27  
Heap : - 1  2  3  4  5  6  7  8  9  10  11  12  13  14  15  16  17  18  19  20  21  22  23  24  25  26  27  
Heap : - 1  2  3  4  5  6  7  8  9  10  11  12  13  14  15  16  17  18  19  20  21  22  23  24  25  26  27  
